0 info it worked if it ends with ok
1 verbose cli [ '/usr/local/bin/node',
1 verbose cli   '/usr/local/bin/npm',
1 verbose cli   'install',
1 verbose cli   '-g',
1 verbose cli   'grunt-contrib-compass' ]
2 info using npm@1.4.28
3 info using node@v0.10.32
4 verbose cache add [ 'grunt-contrib-compass', null ]
5 verbose cache add name=undefined spec="grunt-contrib-compass" args=["grunt-contrib-compass",null]
6 verbose parsed url { protocol: null,
6 verbose parsed url   slashes: null,
6 verbose parsed url   auth: null,
6 verbose parsed url   host: null,
6 verbose parsed url   port: null,
6 verbose parsed url   hostname: null,
6 verbose parsed url   hash: null,
6 verbose parsed url   search: null,
6 verbose parsed url   query: null,
6 verbose parsed url   pathname: 'grunt-contrib-compass',
6 verbose parsed url   path: 'grunt-contrib-compass',
6 verbose parsed url   href: 'grunt-contrib-compass' }
7 silly lockFile 6a816d73-grunt-contrib-compass grunt-contrib-compass
8 verbose lock grunt-contrib-compass /home/fer/.npm/6a816d73-grunt-contrib-compass.lock
9 silly lockFile 6a816d73-grunt-contrib-compass grunt-contrib-compass
10 silly lockFile 6a816d73-grunt-contrib-compass grunt-contrib-compass
11 verbose addNamed [ 'grunt-contrib-compass', '' ]
12 verbose addNamed [ null, '*' ]
13 silly lockFile 9d4b61e1-grunt-contrib-compass grunt-contrib-compass@
14 verbose lock grunt-contrib-compass@ /home/fer/.npm/9d4b61e1-grunt-contrib-compass.lock
15 silly addNameRange { name: 'grunt-contrib-compass', range: '*', hasData: false }
16 verbose request where is /grunt-contrib-compass
17 verbose request registry https://registry.npmjs.org/
18 verbose request id bc4630bc236baccd
19 verbose url raw /grunt-contrib-compass
20 verbose url resolving [ 'https://registry.npmjs.org/', './grunt-contrib-compass' ]
21 verbose url resolved https://registry.npmjs.org/grunt-contrib-compass
22 verbose request where is https://registry.npmjs.org/grunt-contrib-compass
23 info trying registry request attempt 1 at 13:08:17
24 verbose etag "6SBU1ED1QDCHT027V62K3P8ID"
25 http GET https://registry.npmjs.org/grunt-contrib-compass
26 http 304 https://registry.npmjs.org/grunt-contrib-compass
27 silly registry.get cb [ 304,
27 silly registry.get   { date: 'Thu, 16 Oct 2014 16:08:18 GMT',
27 silly registry.get     server: 'Apache',
27 silly registry.get     via: '1.1 varnish',
27 silly registry.get     'last-modified': 'Thu, 16 Oct 2014 15:49:46 GMT',
27 silly registry.get     'cache-control': 'max-age=60',
27 silly registry.get     etag: '"6SBU1ED1QDCHT027V62K3P8ID"',
27 silly registry.get     age: '39',
27 silly registry.get     'x-served-by': 'cache-jfk1024-JFK',
27 silly registry.get     'x-cache': 'HIT',
27 silly registry.get     'x-cache-hits': '29',
27 silly registry.get     'x-timer': 'S1413475698.207912,VS0,VE0',
27 silly registry.get     vary: 'Accept',
27 silly registry.get     'content-length': '0',
27 silly registry.get     'keep-alive': 'timeout=10, max=50',
27 silly registry.get     connection: 'Keep-Alive' } ]
28 verbose etag https://registry.npmjs.org/grunt-contrib-compass from cache
29 silly addNameRange number 2 { name: 'grunt-contrib-compass', range: '*', hasData: true }
30 silly addNameRange versions [ 'grunt-contrib-compass',
30 silly addNameRange   [ '0.1.0',
30 silly addNameRange     '0.1.1',
30 silly addNameRange     '0.1.2',
30 silly addNameRange     '0.1.3',
30 silly addNameRange     '0.2.0',
30 silly addNameRange     '0.3.0',
30 silly addNameRange     '0.4.0',
30 silly addNameRange     '0.4.1',
30 silly addNameRange     '0.5.0',
30 silly addNameRange     '0.6.0',
30 silly addNameRange     '0.7.0',
30 silly addNameRange     '0.1.1-rc7',
30 silly addNameRange     '0.1.1-rc8',
30 silly addNameRange     '0.7.1',
30 silly addNameRange     '0.7.2',
30 silly addNameRange     '0.8.0',
30 silly addNameRange     '0.9.0',
30 silly addNameRange     '0.9.1',
30 silly addNameRange     '1.0.0',
30 silly addNameRange     '1.0.1' ] ]
31 verbose addNamed [ 'grunt-contrib-compass', '1.0.1' ]
32 verbose addNamed [ '1.0.1', '1.0.1' ]
33 silly lockFile bc13c7dc-grunt-contrib-compass-1-0-1 grunt-contrib-compass@1.0.1
34 verbose lock grunt-contrib-compass@1.0.1 /home/fer/.npm/bc13c7dc-grunt-contrib-compass-1-0-1.lock
35 silly lockFile a0bdebd4--grunt-contrib-compass-1-0-1-tgz https://registry.npmjs.org/grunt-contrib-compass/-/grunt-contrib-compass-1.0.1.tgz
36 verbose lock https://registry.npmjs.org/grunt-contrib-compass/-/grunt-contrib-compass-1.0.1.tgz /home/fer/.npm/a0bdebd4--grunt-contrib-compass-1-0-1-tgz.lock
37 verbose addRemoteTarball [ 'https://registry.npmjs.org/grunt-contrib-compass/-/grunt-contrib-compass-1.0.1.tgz',
37 verbose addRemoteTarball   '8eb5dd93921aa4257a45064bbabe5745abfcae73' ]
38 info retry fetch attempt 1 at 13:08:18
39 verbose fetch to= /tmp/npm-9789-P9Pa7QuG/registry.npmjs.org/grunt-contrib-compass/-/grunt-contrib-compass-1.0.1.tgz
40 http GET https://registry.npmjs.org/grunt-contrib-compass/-/grunt-contrib-compass-1.0.1.tgz
41 http 200 https://registry.npmjs.org/grunt-contrib-compass/-/grunt-contrib-compass-1.0.1.tgz
42 silly lockFile a0bdebd4--grunt-contrib-compass-1-0-1-tgz https://registry.npmjs.org/grunt-contrib-compass/-/grunt-contrib-compass-1.0.1.tgz
43 silly lockFile a0bdebd4--grunt-contrib-compass-1-0-1-tgz https://registry.npmjs.org/grunt-contrib-compass/-/grunt-contrib-compass-1.0.1.tgz
44 silly lockFile bc13c7dc-grunt-contrib-compass-1-0-1 grunt-contrib-compass@1.0.1
45 silly lockFile bc13c7dc-grunt-contrib-compass-1-0-1 grunt-contrib-compass@1.0.1
46 silly lockFile 9d4b61e1-grunt-contrib-compass grunt-contrib-compass@
47 silly lockFile 9d4b61e1-grunt-contrib-compass grunt-contrib-compass@
48 error Error: EACCES, mkdir '/home/fer/.npm/grunt-contrib-compass/1.0.1'
48 error  { [Error: EACCES, mkdir '/home/fer/.npm/grunt-contrib-compass/1.0.1']
48 error   errno: 3,
48 error   code: 'EACCES',
48 error   path: '/home/fer/.npm/grunt-contrib-compass/1.0.1' }
49 error Please try running this command again as root/Administrator.
50 error System Linux 3.13.0-37-generic
51 error command "/usr/local/bin/node" "/usr/local/bin/npm" "install" "-g" "grunt-contrib-compass"
52 error cwd /home/fer/Development/Test/Aca/todoApp
53 error node -v v0.10.32
54 error npm -v 1.4.28
55 error path /home/fer/.npm/grunt-contrib-compass/1.0.1
56 error code EACCES
57 error errno 3
58 error stack Error: EACCES, mkdir '/home/fer/.npm/grunt-contrib-compass/1.0.1'
59 verbose exit [ 3, true ]
